<?xml version="1.0" encoding="UTF-8"?>
<!-- Generated by org.testng.reporters.JUnitReportReporter -->
<testsuite skipped="0" hostname="DESKTOP-UUA41H2" name="tests.TestNgTest" tests="1" failures="0" timestamp="2020-05-19T18:01:14 EDT" time="0.010" errors="0">
  <testcase name="hello" time="0.010" classname="tests.TestNgTest"/>
  <system-out/>
</testsuite> <!-- tests.TestNgTest -->
